<?xml version="1.0" encoding="UTF-8"?>
<!-- Generated by org.testng.reporters.JUnitReportReporter -->
<testsuite hostname="DESKTOP-8S1JJPA" failures="0" tests="2" name="Academy.HomePage" time="17.401" errors="0" timestamp="09 Oct 2018 04:29:51 GMT" skipped="0">
  <testcase classname="Academy.HomePage" name="basePageNavigation" time="9.391"/>
  <testcase classname="Academy.HomePage" name="basePageNavigation" time="8.010"/>
</testsuite> <!-- Academy.HomePage -->
