<?xml version="1.0" encoding="UTF-8"?>
<!-- Generated by org.testng.reporters.JUnitReportReporter -->
<testsuite hostname="DESKTOP-8S1JJPA" failures="0" tests="2" name="Academy.HomePage" time="19.944" errors="0" timestamp="7 Oct 2018 06:53:17 GMT">
  <testcase classname="Academy.HomePage" name="basePageNavigation" time="10.408"/>
  <testcase classname="Academy.HomePage" name="basePageNavigation" time="9.536"/>
</testsuite> <!-- Academy.HomePage -->
